<?xml version="1.0" encoding="UTF-8"?>
<!-- Generated by org.testng.reporters.JUnitReportReporter -->
<testsuite hostname="BLR135CG102BMY4" failures="0" tests="1" name="test.TestNG" time="2.612" errors="0" timestamp="20 Nov 2023 15:18:45 GMT" skipped="0">
  <testcase classname="test.TestNG" name="googleSearch" time="2.612"/>
</testsuite> <!-- test.TestNG -->
